# Logfile created on 2023-01-28 21:58:31 +0000 by logger.rb/v1.4.2
I, [2023-01-28T21:58:31.092598 #1]  INFO -- : Using GitHub Features: 'all'
I, [2023-01-28T21:58:31.095523 #1]  INFO -- request: GET http://localhost:8080/job/monas_dev_work/job/monas_freestyle/config.xml
I, [2023-01-28T21:58:31.132010 #1]  INFO -- response: Status 200
D, [2023-01-28T21:58:31.138007 #1] DEBUG -- : [Transformers::Jenkins::DesignerPipeline::Jobs]: Located transformer for 'hudson.tasks.Shell'
D, [2023-01-28T21:58:31.138418 #1] DEBUG -- : [Transformers::Jenkins::DesignerPipeline::Env]: Located transformer for 'org.jenkinsci.plugins.credentialsbinding.impl.SecretBuildWrapper'
I, [2023-01-28T21:58:31.146897 #1]  INFO -- request: GET https://api.github.com/repos/mcgonagle/monas_repo
I, [2023-01-28T21:58:31.234897 #1]  INFO -- response: Status 200
I, [2023-01-28T21:58:31.238132 #1]  INFO -- request: GET https://api.github.com/repos/mcgonagle/monas_repo/git/refs/heads/main
I, [2023-01-28T21:58:31.350315 #1]  INFO -- response: Status 200
I, [2023-01-28T21:58:31.351315 #1]  INFO -- request: POST https://api.github.com/repos/mcgonagle/monas_repo/git/refs
I, [2023-01-28T21:58:31.603613 #1]  INFO -- response: Status 201
I, [2023-01-28T21:58:31.606181 #1]  INFO -- request: GET https://api.github.com/repos/mcgonagle/monas_repo/contents/.github/workflows/monas_freestyle.yml?sha=8e159fe66d8f796b67a410f2c936be058536d678
I, [2023-01-28T21:58:31.698540 #1]  INFO -- response: Status 404
I, [2023-01-28T21:58:31.699397 #1]  INFO -- request: PUT https://api.github.com/repos/mcgonagle/monas_repo/contents/.github/workflows/monas_freestyle.yml
I, [2023-01-28T21:58:31.951738 #1]  INFO -- response: Status 201
I, [2023-01-28T21:58:31.953554 #1]  INFO -- request: POST https://api.github.com/repos/mcgonagle/monas_repo/pulls
I, [2023-01-28T21:58:32.873031 #1]  INFO -- response: Status 201
I, [2023-01-28T21:58:32.878555 #1]  INFO -- : Pull request: 'https://github.com/mcgonagle/monas_repo/pull/1'
I, [2023-01-28T21:58:32.879075 #1]  INFO -- : Sending telemetry with transaction id 'b09e619c-f5cd-4f10-93d1-7d5fab9a7fae'
