# Logfile created on 2023-01-28 21:46:03 +0000 by logger.rb/v1.4.2
I, [2023-01-28T21:46:03.536575 #1]  INFO -- : Using GitHub Features: 'all'
I, [2023-01-28T21:46:03.538590 #1]  INFO -- request: GET http://localhost:8080/job/monas_dev_work/job/monas_freestyle/config.xml
I, [2023-01-28T21:46:03.574248 #1]  INFO -- response: Status 200
D, [2023-01-28T21:46:03.579135 #1] DEBUG -- : [Transformers::Jenkins::DesignerPipeline::Jobs]: Located transformer for 'hudson.tasks.Shell'
D, [2023-01-28T21:46:03.579490 #1] DEBUG -- : [Transformers::Jenkins::DesignerPipeline::Env]: Located transformer for 'org.jenkinsci.plugins.credentialsbinding.impl.SecretBuildWrapper'
I, [2023-01-28T21:46:03.588062 #1]  INFO -- request: GET https://api.github.com/repos/mcgonagle/monas_freestyle
I, [2023-01-28T21:46:03.646894 #1]  INFO -- response: Status 404
I, [2023-01-28T21:46:03.647585 #1]  INFO -- : Sending telemetry with transaction id '4e22d811-c6b2-42ae-b0d7-caf82e0da7b0'
E, [2023-01-28T21:46:03.688040 #1] ERROR -- : Resource not found
(GET 404) Not Found: https://api.github.com/repos/mcgonagle/monas_freestyle
Message: Not Found
/usr/local/bundle/gems/octokit-5.6.1/lib/octokit/response/raise_error.rb:14:in `on_complete'
/usr/local/bundle/gems/faraday-1.7.1/lib/faraday/middleware.rb:19:in `block in call'
/usr/local/bundle/gems/faraday-1.7.1/lib/faraday/response.rb:59:in `on_complete'
/usr/local/bundle/gems/faraday-1.7.1/lib/faraday/middleware.rb:18:in `call'
/usr/local/bundle/gems/octokit-5.6.1/lib/octokit/middleware/follow_redirects.rb:73:in `perform_with_redirection'
/usr/local/bundle/gems/octokit-5.6.1/lib/octokit/middleware/follow_redirects.rb:61:in `call'
/usr/local/bundle/gems/faraday-1.7.1/lib/faraday/request/retry.rb:148:in `call'
/usr/local/bundle/gems/faraday-1.7.1/lib/faraday/rack_builder.rb:154:in `build_response'
/usr/local/bundle/gems/faraday-1.7.1/lib/faraday/connection.rb:511:in `run_request'
/usr/local/bundle/gems/faraday-1.7.1/lib/faraday/connection.rb:200:in `get'
/usr/local/bundle/gems/sawyer-0.9.2/lib/sawyer/agent.rb:99:in `call'
/usr/local/bundle/gems/octokit-5.6.1/lib/octokit/connection.rb:156:in `request'
/usr/local/bundle/gems/octokit-5.6.1/lib/octokit/connection.rb:19:in `get'
/usr/local/bundle/gems/octokit-5.6.1/lib/octokit/client/repositories.rb:27:in `repository'
/usr/local/bundle/gems/actions_importer-1.0.15646/lib/valet/services/github/submit_workflow.rb:24:in `call'
/usr/local/bundle/gems/actions_importer-1.0.15646/lib/valet/commands/migrate.rb:21:in `block in call'
/usr/local/bundle/gems/actions_importer-1.0.15646/lib/valet/logger.rb:88:in `with_progress_bar'
/usr/local/bundle/gems/actions_importer-1.0.15646/lib/valet/commands/migrate.rb:20:in `call'
/usr/local/bundle/gems/actions_importer-1.0.15646/lib/valet/subcommands/migrate.rb:28:in `jenkins'
/usr/local/bundle/gems/thor-1.0.1/lib/thor/command.rb:27:in `run'
/usr/local/bundle/gems/thor-1.0.1/lib/thor/invocation.rb:127:in `invoke_command'
/usr/local/bundle/gems/thor-1.0.1/lib/thor.rb:392:in `dispatch'
/usr/local/bundle/gems/thor-1.0.1/lib/thor/invocation.rb:116:in `invoke'
/usr/local/bundle/gems/thor-1.0.1/lib/thor.rb:243:in `block in subcommand'
/usr/local/bundle/gems/thor-1.0.1/lib/thor/command.rb:27:in `run'
/usr/local/bundle/gems/thor-1.0.1/lib/thor/invocation.rb:127:in `invoke_command'
/usr/local/bundle/gems/thor-1.0.1/lib/thor.rb:392:in `dispatch'
/usr/local/bundle/gems/thor-1.0.1/lib/thor/base.rb:485:in `start'
/usr/local/bundle/gems/actions_importer-1.0.15646/exe/actions-importer:16:in `<top (required)>'
/usr/local/bundle/bin/actions-importer:23:in `load'
/usr/local/bundle/bin/actions-importer:23:in `<main>'
