# Logfile created on 2023-01-28 20:11:52 +0000 by logger.rb/v1.4.2
I, [2023-01-28T20:11:52.064211 #1]  INFO -- : Using GitHub Features: 'all'
I, [2023-01-28T20:11:52.064381 #1]  INFO -- : Forecasting 'http://localhost:8080/'
I, [2023-01-28T20:11:52.081033 #1]  INFO -- request: GET http://localhost:8080/pluginManager/api/json?depth=1&tree=plugins%5BshortName%5D
I, [2023-01-28T20:11:52.202416 #1]  INFO -- response: Status 200
I, [2023-01-28T20:11:52.206480 #1]  INFO -- request: GET http://localhost:8080/api/json?tree=jobs%5Bname%2CfullName%2Cjobs%5D
I, [2023-01-28T20:11:52.236461 #1]  INFO -- response: Status 200
I, [2023-01-28T20:11:52.239906 #1]  INFO -- request: GET http://localhost:8080/job/monas_dev_work/api/json?tree=jobs%5Bname%2CfullName%2Cjobs%5D
I, [2023-01-28T20:11:52.283470 #1]  INFO -- response: Status 200
I, [2023-01-28T20:11:52.287096 #1]  INFO -- request: GET http://localhost:8080/job/test_mutlibranch_pipeline/api/json?tree=jobs%5Bname%2CfullName%2Cjobs%5D
I, [2023-01-28T20:11:52.327307 #1]  INFO -- response: Status 200
I, [2023-01-28T20:11:52.330037 #1]  INFO -- : Thread collection size: 4
I, [2023-01-28T20:11:52.339868 #1]  INFO -- request: GET http://localhost:8080/job/demo_pipeline/builds/?orderBy=desc&size=10000&start=0
I, [2023-01-28T20:11:52.341848 #1]  INFO -- request: GET http://localhost:8080/job/monas_dev_work/job/monas_freestyle/builds/?orderBy=desc&size=10000&start=0
I, [2023-01-28T20:11:52.341979 #1]  INFO -- request: GET http://localhost:8080/job/monas_dev_work/job/monas_pipeline/builds/?orderBy=desc&size=10000&start=0
I, [2023-01-28T20:11:52.341532 #1]  INFO -- request: GET http://localhost:8080/job/groovy_script/builds/?orderBy=desc&size=10000&start=0
I, [2023-01-28T20:11:53.084238 #1]  INFO -- response: Status 200
I, [2023-01-28T20:11:53.085685 #1]  INFO -- response: Status 200
I, [2023-01-28T20:11:53.088566 #1]  INFO -- request: GET http://localhost:8080/job/test_pipeline/builds/?orderBy=desc&size=10000&start=0
I, [2023-01-28T20:11:53.089212 #1]  INFO -- response: Status 200
I, [2023-01-28T20:11:53.090081 #1]  INFO -- request: GET http://localhost:8080/job/test_freestyle_project/builds/?orderBy=desc&size=10000&start=0
I, [2023-01-28T20:11:53.198195 #1]  INFO -- response: Status 200
I, [2023-01-28T20:11:53.272360 #1]  INFO -- response: Status 200
I, [2023-01-28T20:11:56.332373 #1]  INFO -- response: Status 200
I, [2023-01-28T20:11:56.862700 #1]  INFO -- : Output file(s):
I, [2023-01-28T20:11:56.865025 #1]  INFO -- :   tmp/forecast/jobs/01-28-2023-20-11_jobs_0.json
I, [2023-01-28T20:11:56.865336 #1]  INFO -- :   tmp/forecast/forecast_report.md
I, [2023-01-28T20:11:57.027824 #1]  INFO -- : Sending telemetry with transaction id '627c56d1-1fb9-4e92-8abf-b6f873ae3624'
