# Logfile created on 2023-01-28 13:35:26 +0000 by logger.rb/v1.4.2
I, [2023-01-28T13:35:26.345711 #1]  INFO -- : Using GitHub Features: 'all'
I, [2023-01-28T13:35:26.345758 #1]  INFO -- : Auditing 'http://localhost:8080/'
I, [2023-01-28T13:35:26.357159 #1]  INFO -- request: GET http://localhost:8080/api/json?tree=jobs%5Bname%2Curl%2CfullName%5D
I, [2023-01-28T13:35:26.438213 #1]  INFO -- response: Status 200
I, [2023-01-28T13:35:26.440464 #1]  INFO -- request: GET http://localhost:8080/job/monas_dev_work/api/json?tree=jobs%5Bname%2Curl%2CfullName%5D
I, [2023-01-28T13:35:26.492546 #1]  INFO -- response: Status 200
I, [2023-01-28T13:35:26.493758 #1]  INFO -- : Thread collection size: 4
I, [2023-01-28T13:35:26.508019 #1]  INFO -- request: GET http://localhost:8080/job/demo_pipeline/config.xml
I, [2023-01-28T13:35:26.511164 #1]  INFO -- request: GET http://localhost:8080/job/groovy_script/config.xml
I, [2023-01-28T13:35:26.513169 #1]  INFO -- request: GET http://localhost:8080/job/monas_dev_work/job/monas_freestyle/config.xml
I, [2023-01-28T13:35:26.513854 #1]  INFO -- request: GET http://localhost:8080/job/monas_dev_work/job/monas_pipeline/config.xml
I, [2023-01-28T13:35:26.574016 #1]  INFO -- response: Status 200
I, [2023-01-28T13:35:26.574980 #1]  INFO -- response: Status 200
I, [2023-01-28T13:35:26.581809 #1]  INFO -- request: POST http://localhost:8080/pipeline-model-converter/toJson
I, [2023-01-28T13:35:26.587764 #1]  INFO -- request: POST http://localhost:8080/pipeline-model-converter/toJson
I, [2023-01-28T13:35:26.609809 #1]  INFO -- response: Status 200
I, [2023-01-28T13:35:26.610164 #1]  INFO -- response: Status 200
I, [2023-01-28T13:35:26.617162 #1]  INFO -- request: GET http://localhost:8080/job/test_freestyle_project/config.xml
I, [2023-01-28T13:35:26.623287 #1]  INFO -- request: GET http://localhost:8080/job/test_mutlibranch_pipeline/config.xml
I, [2023-01-28T13:35:26.684599 #1]  INFO -- response: Status 200
I, [2023-01-28T13:35:26.697718 #1]  INFO -- request: GET http://localhost:8080/job/test_pipeline/config.xml
I, [2023-01-28T13:35:26.698159 #1]  INFO -- response: Status 200
I, [2023-01-28T13:35:26.713939 #1]  INFO -- request: GET http://localhost:8080/job/test_mutlibranch_pipeline/api/json?tree=jobs%5Bname%2Curl%2CfullName%5D
I, [2023-01-28T13:35:26.737923 #1]  INFO -- response: Status 200
I, [2023-01-28T13:35:26.744039 #1]  INFO -- request: POST http://localhost:8080/pipeline-model-converter/toJson
I, [2023-01-28T13:35:26.759781 #1]  INFO -- response: Status 200
I, [2023-01-28T13:35:26.794010 #1]  INFO -- response: Status 200
I, [2023-01-28T13:35:26.803346 #1]  INFO -- response: Status 200
I, [2023-01-28T13:35:26.869276 #1]  INFO -- response: Status 200
D, [2023-01-28T13:35:26.870637 #1] DEBUG -- : [Transformers::Jenkins::JenkinsfilePipeline::Defaults]: Failed to locate transformer for 'label'
D, [2023-01-28T13:35:26.870824 #1] DEBUG -- : [Transformers::Jenkins::JenkinsfilePipeline::RunsOn]: Located transformer for 'label'
D, [2023-01-28T13:35:26.870912 #1] DEBUG -- : [Transformers::Jenkins::JenkinsfilePipeline::RunsOn]: Located transformer for 'label'
D, [2023-01-28T13:35:26.871105 #1] DEBUG -- : [Transformers::Jenkins::JenkinsfilePipeline::Container]: Failed to locate transformer for 'label'
D, [2023-01-28T13:35:26.871474 #1] DEBUG -- : [Transformers::Jenkins::JenkinsfilePipeline::Jobs]: Located transformer for 'echo'
D, [2023-01-28T13:35:26.871654 #1] DEBUG -- : [Transformers::Jenkins::JenkinsfilePipeline::Jobs]: Located transformer for 'echo'
D, [2023-01-28T13:35:26.871911 #1] DEBUG -- : [Transformers::Jenkins::JenkinsfilePipeline::Jobs]: Located transformer for 'archiveArtifacts'
D, [2023-01-28T13:35:26.872117 #1] DEBUG -- : [Transformers::Jenkins::JenkinsfilePipeline::Jobs]: Located transformer for 'junit'
D, [2023-01-28T13:35:26.872320 #1] DEBUG -- : [Transformers::Jenkins::JenkinsfilePipeline::Jobs]: Located transformer for 'sh'
D, [2023-01-28T13:35:26.879285 #1] DEBUG -- : [Transformers::Jenkins::DesignerPipeline::Jobs]: Located transformer for 'hudson.tasks.Shell'
D, [2023-01-28T13:35:26.879614 #1] DEBUG -- : [Transformers::Jenkins::DesignerPipeline::Env]: Located transformer for 'org.jenkinsci.plugins.credentialsbinding.impl.SecretBuildWrapper'
D, [2023-01-28T13:35:26.883751 #1] DEBUG -- : [Transformers::Jenkins::JenkinsfilePipeline::Defaults]: Failed to locate transformer for 'any'
D, [2023-01-28T13:35:26.883825 #1] DEBUG -- : [Transformers::Jenkins::JenkinsfilePipeline::RunsOn]: Located transformer for 'any'
D, [2023-01-28T13:35:26.883902 #1] DEBUG -- : [Transformers::Jenkins::JenkinsfilePipeline::RunsOn]: Located transformer for 'any'
D, [2023-01-28T13:35:26.883964 #1] DEBUG -- : [Transformers::Jenkins::JenkinsfilePipeline::Container]: Failed to locate transformer for 'any'
D, [2023-01-28T13:35:26.884154 #1] DEBUG -- : [Transformers::Jenkins::JenkinsfilePipeline::Jobs]: Located transformer for 'echo'
D, [2023-01-28T13:35:26.884292 #1] DEBUG -- : [Transformers::Jenkins::JenkinsfilePipeline::Jobs]: Failed to locate transformer for 'sleep'
D, [2023-01-28T13:35:26.884423 #1] DEBUG -- : [Transformers::Jenkins::JenkinsfilePipeline::Jobs]: Located transformer for 'echo'
D, [2023-01-28T13:35:26.886198 #1] DEBUG -- : [Transformers::Jenkins::DesignerPipeline::Jobs]: Located transformer for 'hudson.tasks.Shell'
D, [2023-01-28T13:35:26.886375 #1] DEBUG -- : [Transformers::Jenkins::DesignerPipeline::Jobs]: Located transformer for 'hudson.tasks.Shell'
D, [2023-01-28T13:35:26.886611 #1] DEBUG -- : [Transformers::Jenkins::DesignerPipeline::Jobs]: Failed to locate transformer for 'hudson.plugins.git.GitPublisher'
D, [2023-01-28T13:35:26.886747 #1] DEBUG -- : [Transformers::Jenkins::DesignerPipeline::Jobs]: Located transformer for 'hudson.tasks.Mailer'
D, [2023-01-28T13:35:26.886949 #1] DEBUG -- : [Transformers::Jenkins::DesignerPipeline::On]: Located transformer for 'hudson.triggers.TimerTrigger'
D, [2023-01-28T13:35:26.887123 #1] DEBUG -- : [Transformers::Jenkins::DesignerPipeline::Env]: Located transformer for 'org.jenkinsci.plugins.credentialsbinding.impl.SecretBuildWrapper'
D, [2023-01-28T13:35:26.890880 #1] DEBUG -- : [Transformers::Jenkins::JenkinsfilePipeline::Defaults]: Failed to locate transformer for 'label'
D, [2023-01-28T13:35:26.890947 #1] DEBUG -- : [Transformers::Jenkins::JenkinsfilePipeline::RunsOn]: Located transformer for 'label'
D, [2023-01-28T13:35:26.890985 #1] DEBUG -- : [Transformers::Jenkins::JenkinsfilePipeline::RunsOn]: Located transformer for 'label'
D, [2023-01-28T13:35:26.891078 #1] DEBUG -- : [Transformers::Jenkins::JenkinsfilePipeline::Container]: Failed to locate transformer for 'label'
D, [2023-01-28T13:35:26.891266 #1] DEBUG -- : [Transformers::Jenkins::JenkinsfilePipeline::Jobs]: Located transformer for 'echo'
D, [2023-01-28T13:35:26.891386 #1] DEBUG -- : [Transformers::Jenkins::JenkinsfilePipeline::Jobs]: Failed to locate transformer for 'sleep'
D, [2023-01-28T13:35:26.891516 #1] DEBUG -- : [Transformers::Jenkins::JenkinsfilePipeline::Jobs]: Located transformer for 'echo'
D, [2023-01-28T13:35:26.891641 #1] DEBUG -- : [Transformers::Jenkins::JenkinsfilePipeline::Jobs]: Located transformer for 'junit'
D, [2023-01-28T13:35:26.891819 #1] DEBUG -- : [Transformers::Jenkins::DesignerPipeline::On]: Located transformer for 'hudson.triggers.SCMTrigger'
D, [2023-01-28T13:35:26.891978 #1] DEBUG -- : [Transformers::Jenkins::JenkinsfilePipeline::Concurrency]: Failed to locate transformer for 'org.jenkinsci.plugins.workflow.job.properties.PipelineTriggersJobProperty'
I, [2023-01-28T13:35:26.896438 #1]  INFO -- : Output file(s):
I, [2023-01-28T13:35:26.902641 #1]  INFO -- :   tmp/audit/demo_pipeline/.github/workflows/demo_pipeline.yml
I, [2023-01-28T13:35:26.902990 #1]  INFO -- :   tmp/audit/demo_pipeline/config.json
I, [2023-01-28T13:35:26.903353 #1]  INFO -- :   tmp/audit/demo_pipeline/jenkinsfile
I, [2023-01-28T13:35:26.903738 #1]  INFO -- :   tmp/audit/groovy_script/error.txt
I, [2023-01-28T13:35:26.903925 #1]  INFO -- :   tmp/audit/groovy_script/config.json
I, [2023-01-28T13:35:26.905738 #1]  INFO -- :   tmp/audit/monas_dev_work/monas_freestyle/.github/workflows/monas_freestyle.yml
I, [2023-01-28T13:35:26.905955 #1]  INFO -- :   tmp/audit/monas_dev_work/monas_freestyle/config.json
I, [2023-01-28T13:35:26.907877 #1]  INFO -- :   tmp/audit/monas_dev_work/monas_pipeline/.github/workflows/monas_pipeline.yml
I, [2023-01-28T13:35:26.908102 #1]  INFO -- :   tmp/audit/monas_dev_work/monas_pipeline/config.json
I, [2023-01-28T13:35:26.908362 #1]  INFO -- :   tmp/audit/monas_dev_work/monas_pipeline/jenkinsfile
I, [2023-01-28T13:35:26.910878 #1]  INFO -- :   tmp/audit/test_freestyle_project/.github/workflows/test_freestyle_project.yml
I, [2023-01-28T13:35:26.911102 #1]  INFO -- :   tmp/audit/test_freestyle_project/config.json
I, [2023-01-28T13:35:26.911439 #1]  INFO -- :   tmp/audit/test_mutlibranch_pipeline/config.json
I, [2023-01-28T13:35:26.915097 #1]  INFO -- :   tmp/audit/test_pipeline/.github/workflows/test_pipeline.yml
I, [2023-01-28T13:35:26.915304 #1]  INFO -- :   tmp/audit/test_pipeline/config.json
I, [2023-01-28T13:35:26.915610 #1]  INFO -- :   tmp/audit/test_pipeline/jenkinsfile
I, [2023-01-28T13:35:26.971455 #1]  INFO -- :   tmp/audit/workflow_usage.csv
I, [2023-01-28T13:35:26.985982 #1]  INFO -- :   tmp/audit/audit_summary.md
I, [2023-01-28T13:35:27.344144 #1]  INFO -- : Sending telemetry with transaction id 'bbd2a8d4-acd4-4034-831c-08fbfc98c112'
